build/outputs/logs/manifest-merger-debug-report.txt
-- Merging decision tree log ---
manifest
ADDED from src/main/AndroidManifest.xml:2:1-56:12
	package
		ADDED from src/main/AndroidManifest.xml:3:5-37
		INJECTED from src/main/AndroidManifest.xml
		INJECTED from src/main/AndroidManifest.xml
	android:versionName
		ADDED from src/main/AndroidManifest.xml:5:5-30
		INJECTED from src/main/AndroidManifest.xml
		INJECTED from src/main/AndroidManifest.xml
	android:versionCode
		ADDED from src/main/AndroidManifest.xml:4:5-28
		INJECTED from src/main/AndroidManifest.xml
		INJECTED from src/main/AndroidManifest.xml
	xmlns:android
		ADDED from src/main/AndroidManifest.xml:2:11-69
uses-sdk
ADDED from src/main/AndroidManifest.xml:7:5-9:41
MERGED from [com.android.support:support-v4:20.0.0] AndroidManifest.xml:16:5-42
MERGED from [com.android.support:appcompat-v7:20.0.0] AndroidManifest.xml:16:5-42
MERGED from [com.android.support:support-v4:20.0.0] AndroidManifest.xml:16:5-42
	android:targetSdkVersion
		ADDED from src/main/AndroidManifest.xml:9:9-38
		INJECTED from src/main/AndroidManifest.xml
		INJECTED from src/main/AndroidManifest.xml
	android:minSdkVersion
		ADDED from src/main/AndroidManifest.xml:8:9-34
		INJECTED from src/main/AndroidManifest.xml
		INJECTED from src/main/AndroidManifest.xml
uses-permission#android.permission.WRITE_EXTERNAL_STORAGE
ADDED from src/main/AndroidManifest.xml:10:5-80
	android:name
		ADDED from src/main/AndroidManifest.xml:10:22-78
uses-permission#android.permission.INTERNET
ADDED from src/main/AndroidManifest.xml:11:2-63
	android:name
		ADDED from src/main/AndroidManifest.xml:11:19-61
application
ADDED from src/main/AndroidManifest.xml:12:5-54:19
MERGED from [com.android.support:support-v4:20.0.0] AndroidManifest.xml:17:5-19
MERGED from [com.android.support:appcompat-v7:20.0.0] AndroidManifest.xml:17:5-19
MERGED from [com.android.support:support-v4:20.0.0] AndroidManifest.xml:17:5-19
	android:label
		ADDED from src/main/AndroidManifest.xml:15:9-41
	android:allowBackup
		ADDED from src/main/AndroidManifest.xml:13:9-35
	android:icon
		ADDED from src/main/AndroidManifest.xml:14:9-45
	android:theme
		ADDED from src/main/AndroidManifest.xml:16:9-73
service#com.example.Asteroides.ServicioMusica
ADDED from src/main/AndroidManifest.xml:18:9-73
	android:name
		ADDED from src/main/AndroidManifest.xml:18:18-70
activity#com.example.Asteroides.MainActivity
ADDED from src/main/AndroidManifest.xml:19:9-28:20
	android:label
		ADDED from src/main/AndroidManifest.xml:21:13-45
	android:launchMode
		ADDED from src/main/AndroidManifest.xml:22:13-44
	android:name
		ADDED from src/main/AndroidManifest.xml:20:13-63
intent-filter#android.intent.action.MAIN+android.intent.category.LAUNCHER
ADDED from src/main/AndroidManifest.xml:23:13-27:29
action#android.intent.action.MAIN
ADDED from src/main/AndroidManifest.xml:24:17-69
	android:name
		ADDED from src/main/AndroidManifest.xml:24:25-66
category#android.intent.category.LAUNCHER
ADDED from src/main/AndroidManifest.xml:26:17-77
	android:name
		ADDED from src/main/AndroidManifest.xml:26:27-74
activity#com.example.Asteroides.AcercaDe
ADDED from src/main/AndroidManifest.xml:29:9-33:20
	android:label
		ADDED from src/main/AndroidManifest.xml:31:13-61
	android:theme
		ADDED from src/main/AndroidManifest.xml:32:13-56
	android:name
		ADDED from src/main/AndroidManifest.xml:30:13-59
activity#com.example.Asteroides.Preferencias
ADDED from src/main/AndroidManifest.xml:34:9-41:20
	android:label
		ADDED from src/main/AndroidManifest.xml:36:13-64
	android:parentActivityName
		ADDED from src/main/AndroidManifest.xml:37:13-77
	android:name
		ADDED from src/main/AndroidManifest.xml:35:13-63
meta-data#android.support.PARENT_ACTIVITY
ADDED from src/main/AndroidManifest.xml:38:13-40:71
	android:value
		ADDED from src/main/AndroidManifest.xml:40:17-68
	android:name
		ADDED from src/main/AndroidManifest.xml:39:17-63
activity#com.example.Asteroides.Puntuaciones
ADDED from src/main/AndroidManifest.xml:42:9-49:20
	android:label
		ADDED from src/main/AndroidManifest.xml:44:13-64
	android:parentActivityName
		ADDED from src/main/AndroidManifest.xml:45:13-66
	android:name
		ADDED from src/main/AndroidManifest.xml:43:13-63
activity#com.example.Asteroides.Juego
ADDED from src/main/AndroidManifest.xml:50:9-53:20
	android:screenOrientation
		ADDED from src/main/AndroidManifest.xml:52:58-95
	android:label
		ADDED from src/main/AndroidManifest.xml:52:13-57
	android:name
		ADDED from src/main/AndroidManifest.xml:51:13-56